libpmem-randwrite: (g=0): rw=randwrite, bs=(R) 4096B-4096B, (W) 4096B-4096B, (T) 4096B-4096B, ioengine=libpmem, iodepth=1
...
fio-3.36-19-gbdf99
Starting 4 threads
libpmem-randwrite: Prepopulating IO file (/mnt/pmem/fio/libpmem-randwrite.0.0)
libpmem-randwrite: Prepopulating IO file (/mnt/pmem/fio/libpmem-randwrite.3.0)
libpmem-randwrite: Prepopulating IO file (/mnt/pmem/fio/libpmem-randwrite.2.0)
libpmem-randwrite: Prepopulating IO file (/mnt/pmem/fio/libpmem-randwrite.1.0)

libpmem-randwrite: (groupid=0, jobs=4): err= 0: pid=31266: Sun Nov 26 02:45:42 2023
  write: IOPS=821k, BW=3209MiB/s (3364MB/s)(3760GiB/1200003msec); 0 zone resets
   bw (  MiB/s): min= 1238, max= 3321, per=100.00%, avg=3208.81, stdev=23.68, samples=9596
   iops        : min=317074, max=850308, avg=821455.94, stdev=6061.12, samples=9596
  cpu          : usr=99.22%, sys=0.77%, ctx=132058, majf=0, minf=10485761
  IO depths    : 1=100.0%, 2=0.0%, 4=0.0%, 8=0.0%, 16=0.0%, 32=0.0%, >=64=0.0%
     submit    : 0=0.0%, 4=100.0%, 8=0.0%, 16=0.0%, 32=0.0%, 64=0.0%, >=64=0.0%
     complete  : 0=0.0%, 4=100.0%, 8=0.0%, 16=0.0%, 32=0.0%, 64=0.0%, >=64=0.0%
     issued rwts: total=0,985670353,0,0 short=0,0,0,0 dropped=0,0,0,0
     latency   : target=0, window=0, percentile=100.00%, depth=1

Run status group 0 (all jobs):
  WRITE: bw=3209MiB/s (3364MB/s), 3209MiB/s-3209MiB/s (3364MB/s-3364MB/s), io=3760GiB (4037GB), run=1200003-1200003msec
