libpmem-randwrite: (g=0): rw=randwrite, bs=(R) 4096B-4096B, (W) 4096B-4096B, (T) 4096B-4096B, ioengine=libpmem, iodepth=1
...
fio-3.36-19-gbdf99
Starting 4 threads
libpmem-randwrite: Prepopulating IO file (/mnt/pmem/fio/libpmem-randwrite.0.0)
libpmem-randwrite: Prepopulating IO file (/mnt/pmem/fio/libpmem-randwrite.3.0)
libpmem-randwrite: Prepopulating IO file (/mnt/pmem/fio/libpmem-randwrite.2.0)
libpmem-randwrite: Prepopulating IO file (/mnt/pmem/fio/libpmem-randwrite.1.0)

libpmem-randwrite: (groupid=0, jobs=4): err= 0: pid=31302: Sun Nov 26 03:15:24 2023
  write: IOPS=823k, BW=3213MiB/s (3369MB/s)(3766GiB/1200015msec); 0 zone resets
   bw (  MiB/s): min= 1832, max= 3426, per=100.00%, avg=3213.84, stdev=39.99, samples=9596
   iops        : min=469036, max=877212, avg=822742.53, stdev=10237.28, samples=9596
  cpu          : usr=98.94%, sys=0.66%, ctx=131970, majf=0, minf=10485761
  IO depths    : 1=100.0%, 2=0.0%, 4=0.0%, 8=0.0%, 16=0.0%, 32=0.0%, >=64=0.0%
     submit    : 0=0.0%, 4=100.0%, 8=0.0%, 16=0.0%, 32=0.0%, 64=0.0%, >=64=0.0%
     complete  : 0=0.0%, 4=100.0%, 8=0.0%, 16=0.0%, 32=0.0%, 64=0.0%, >=64=0.0%
     issued rwts: total=0,987125193,0,0 short=0,0,0,0 dropped=0,0,0,0
     latency   : target=0, window=0, percentile=100.00%, depth=1

Run status group 0 (all jobs):
  WRITE: bw=3213MiB/s (3369MB/s), 3213MiB/s-3213MiB/s (3369MB/s-3369MB/s), io=3766GiB (4043GB), run=1200015-1200015msec
