libpmem-seqwrite: (g=0): rw=write, bs=(R) 4096B-4096B, (W) 4096B-4096B, (T) 4096B-4096B, ioengine=libpmem, iodepth=1
...
fio-3.36-19-gbdf99
Starting 4 threads
libpmem-seqwrite: Prepopulating IO file (/mnt/pmem/fio/libpmem-seqwrite.0.0)
libpmem-seqwrite: Prepopulating IO file (/mnt/pmem/fio/libpmem-seqwrite.3.0)
libpmem-seqwrite: Prepopulating IO file (/mnt/pmem/fio/libpmem-seqwrite.2.0)
libpmem-seqwrite: Prepopulating IO file (/mnt/pmem/fio/libpmem-seqwrite.1.0)

libpmem-seqwrite: (groupid=0, jobs=4): err= 0: pid=31430: Sun Nov 26 04:56:03 2023
  write: IOPS=791k, BW=3091MiB/s (3241MB/s)(3623GiB/1200002msec); 0 zone resets
   bw (  MiB/s): min= 2179, max= 3193, per=100.00%, avg=3091.53, stdev=10.67, samples=9596
   iops        : min=557826, max=817568, avg=791431.49, stdev=2731.23, samples=9596
  cpu          : usr=99.63%, sys=0.34%, ctx=135225, majf=0, minf=10485761
  IO depths    : 1=100.0%, 2=0.0%, 4=0.0%, 8=0.0%, 16=0.0%, 32=0.0%, >=64=0.0%
     submit    : 0=0.0%, 4=100.0%, 8=0.0%, 16=0.0%, 32=0.0%, 64=0.0%, >=64=0.0%
     complete  : 0=0.0%, 4=100.0%, 8=0.0%, 16=0.0%, 32=0.0%, 64=0.0%, >=64=0.0%
     issued rwts: total=0,949617454,0,0 short=0,0,0,0 dropped=0,0,0,0
     latency   : target=0, window=0, percentile=100.00%, depth=1

Run status group 0 (all jobs):
  WRITE: bw=3091MiB/s (3241MB/s), 3091MiB/s-3091MiB/s (3241MB/s-3241MB/s), io=3623GiB (3890GB), run=1200002-1200002msec
