libpmem-randread: (g=0): rw=randread, bs=(R) 4096B-4096B, (W) 4096B-4096B, (T) 4096B-4096B, ioengine=libpmem, iodepth=1
...
fio-3.36-19-gbdf99
Starting 4 threads
libpmem-randread: Prepopulating IO file (/mnt/pmem/fio/libpmem-randread.0.0)
libpmem-randread: Prepopulating IO file (/mnt/pmem/fio/libpmem-randread.3.0)
libpmem-randread: Prepopulating IO file (/mnt/pmem/fio/libpmem-randread.2.0)
libpmem-randread: Prepopulating IO file (/mnt/pmem/fio/libpmem-randread.1.0)

libpmem-randread: (groupid=0, jobs=4): err= 0: pid=31067: Sun Nov 26 01:55:23 2023
  read: IOPS=2185k, BW=8537MiB/s (8951MB/s)(9.77TiB/1200000msec)
   bw (  MiB/s): min= 1640, max= 8650, per=100.00%, avg=8537.58, stdev=122.53, samples=9596
   iops        : min=419930, max=2214520, avg=2185620.72, stdev=31368.92, samples=9596
  cpu          : usr=99.26%, sys=0.72%, ctx=132301, majf=0, minf=10485764
  IO depths    : 1=100.0%, 2=0.0%, 4=0.0%, 8=0.0%, 16=0.0%, 32=0.0%, >=64=0.0%
     submit    : 0=0.0%, 4=100.0%, 8=0.0%, 16=0.0%, 32=0.0%, 64=0.0%, >=64=0.0%
     complete  : 0=0.0%, 4=100.0%, 8=0.0%, 16=0.0%, 32=0.0%, 64=0.0%, >=64=0.0%
     issued rwts: total=2622501474,0,0,0 short=0,0,0,0 dropped=0,0,0,0
     latency   : target=0, window=0, percentile=100.00%, depth=1

Run status group 0 (all jobs):
   READ: bw=8537MiB/s (8951MB/s), 8537MiB/s-8537MiB/s (8951MB/s-8951MB/s), io=9.77TiB (10.7TB), run=1200000-1200000msec
